<?xml version="1.0" encoding="UTF-8"?>
<testsuite xmlns:xsi="http://www.w3.org/2001/XMLSchema-instance" xsi:noNamespaceSchemaLocation="https://maven.apache.org/surefire/maven-surefire-plugin/xsd/surefire-test-report-3.0.xsd" version="3.0" name="hotel.management.system.ConnTest" time="0.217" tests="2" errors="0" skipped="0" failures="0">
  <properties>
[...]
</properties>
  <testcase name="testStatementMayBeNullButNoCrash" classname="hotel.management.system.ConnTest" time="0.192"/>
  <testcase name="testConnObjectCreation" classname="hotel.management.system.ConnTest" time="0.004"/>
</testsuite>